<?xml version="1.0" encoding="UTF-8"?>
<testng-results skipped="0" failed="0" total="1" passed="1">
  <reporter-output>
  </reporter-output>
  <suite name="Suite" duration-ms="21069" started-at="2017-06-28T13:49:52Z" finished-at="2017-06-28T13:50:13Z">
    <groups>
    </groups>
    <test name="Test" duration-ms="21069" started-at="2017-06-28T13:49:52Z" finished-at="2017-06-28T13:50:13Z">
      <class name="testPages.testNGScripts">
        <test-method status="PASS" signature="Scenario1()[pri:0, instance:testPages.testNGScripts@c39f790]" name="Scenario1" duration-ms="21053" started-at="2017-06-28T19:19:52Z" finished-at="2017-06-28T19:20:13Z">
          <reporter-output>
          </reporter-output>
        </test-method> <!-- Scenario1 -->
      </class> <!-- testPages.testNGScripts -->
    </test> <!-- Test -->
  </suite> <!-- Suite -->
</testng-results>
